  animatedsprite.cpp
  backbuffer.cpp
  Background.cpp
  Bullet.cpp
  Enemy.cpp
  entity.cpp
  Explosion.cpp
  game.cpp
  GameMenu.cpp
  HUD.cpp
  inputhandler.cpp
  logmanager.cpp
  main.cpp
  ParticleEmitter.cpp
  PlayerPlane.cpp
  Particle.cpp
  sprite.cpp
  texture.cpp
  texturemanager.cpp
  Generating code
  814 of 824 functions (98.8%) were compiled, the rest were copied from previous compilation.
    0 functions were new in current compilation
    0 functions had inline decision re-evaluated but remain unchanged
  Finished generating code
  Framework.vcxproj -> C:\Users\11488\Desktop\BCIS2\Game programming practice\COMP710-2020-S2\students\yuanhao.li\Gold 17982806\Release\Framework.exe
