c:\users\11488\desktop\bcis2\game programming practice\comp710-2020-s2\students\yuanhao.li\gp2dframework2020-planeescape\framework\debug\vc141.pdb
c:\users\11488\desktop\bcis2\game programming practice\comp710-2020-s2\students\yuanhao.li\gp2dframework2020-planeescape\framework\debug\vc141.idb
c:\users\11488\desktop\bcis2\game programming practice\comp710-2020-s2\students\yuanhao.li\gp2dframework2020-planeescape\framework\debug\texturemanager.obj
c:\users\11488\desktop\bcis2\game programming practice\comp710-2020-s2\students\yuanhao.li\gp2dframework2020-planeescape\framework\debug\texture.obj
c:\users\11488\desktop\bcis2\game programming practice\comp710-2020-s2\students\yuanhao.li\gp2dframework2020-planeescape\framework\debug\sprite.obj
c:\users\11488\desktop\bcis2\game programming practice\comp710-2020-s2\students\yuanhao.li\gp2dframework2020-planeescape\framework\debug\particle.obj
c:\users\11488\desktop\bcis2\game programming practice\comp710-2020-s2\students\yuanhao.li\gp2dframework2020-planeescape\framework\debug\playerplane.obj
c:\users\11488\desktop\bcis2\game programming practice\comp710-2020-s2\students\yuanhao.li\gp2dframework2020-planeescape\framework\debug\particleemitter.obj
c:\users\11488\desktop\bcis2\game programming practice\comp710-2020-s2\students\yuanhao.li\gp2dframework2020-planeescape\framework\debug\main.obj
c:\users\11488\desktop\bcis2\game programming practice\comp710-2020-s2\students\yuanhao.li\gp2dframework2020-planeescape\framework\debug\logmanager.obj
c:\users\11488\desktop\bcis2\game programming practice\comp710-2020-s2\students\yuanhao.li\gp2dframework2020-planeescape\framework\debug\inputhandler.obj
c:\users\11488\desktop\bcis2\game programming practice\comp710-2020-s2\students\yuanhao.li\gp2dframework2020-planeescape\framework\debug\hud.obj
c:\users\11488\desktop\bcis2\game programming practice\comp710-2020-s2\students\yuanhao.li\gp2dframework2020-planeescape\framework\debug\gamemenu.obj
c:\users\11488\desktop\bcis2\game programming practice\comp710-2020-s2\students\yuanhao.li\gp2dframework2020-planeescape\framework\debug\game.obj
c:\users\11488\desktop\bcis2\game programming practice\comp710-2020-s2\students\yuanhao.li\gp2dframework2020-planeescape\framework\debug\explosion.obj
c:\users\11488\desktop\bcis2\game programming practice\comp710-2020-s2\students\yuanhao.li\gp2dframework2020-planeescape\framework\debug\entity.obj
c:\users\11488\desktop\bcis2\game programming practice\comp710-2020-s2\students\yuanhao.li\gp2dframework2020-planeescape\framework\debug\enemy.obj
c:\users\11488\desktop\bcis2\game programming practice\comp710-2020-s2\students\yuanhao.li\gp2dframework2020-planeescape\framework\debug\bullet.obj
c:\users\11488\desktop\bcis2\game programming practice\comp710-2020-s2\students\yuanhao.li\gp2dframework2020-planeescape\framework\debug\background.obj
c:\users\11488\desktop\bcis2\game programming practice\comp710-2020-s2\students\yuanhao.li\gp2dframework2020-planeescape\framework\debug\backbuffer.obj
c:\users\11488\desktop\bcis2\game programming practice\comp710-2020-s2\students\yuanhao.li\gp2dframework2020-planeescape\framework\debug\animatedsprite.obj
c:\users\11488\desktop\bcis2\game programming practice\comp710-2020-s2\students\yuanhao.li\gp2dframework2020-planeescape\debug\framework.exe
c:\users\11488\desktop\bcis2\game programming practice\comp710-2020-s2\students\yuanhao.li\gp2dframework2020-planeescape\debug\framework.ilk
c:\users\11488\desktop\bcis2\game programming practice\comp710-2020-s2\students\yuanhao.li\gp2dframework2020-planeescape\debug\framework.pdb
c:\users\11488\desktop\bcis2\game programming practice\comp710-2020-s2\students\yuanhao.li\gold 17982806\gp2dframework2020-planeescape\framework\debug\animatedsprite.obj
c:\users\11488\desktop\bcis2\game programming practice\comp710-2020-s2\students\yuanhao.li\gold 17982806\gp2dframework2020-planeescape\framework\debug\backbuffer.obj
c:\users\11488\desktop\bcis2\game programming practice\comp710-2020-s2\students\yuanhao.li\gold 17982806\gp2dframework2020-planeescape\framework\debug\background.obj
c:\users\11488\desktop\bcis2\game programming practice\comp710-2020-s2\students\yuanhao.li\gold 17982806\gp2dframework2020-planeescape\framework\debug\bullet.obj
c:\users\11488\desktop\bcis2\game programming practice\comp710-2020-s2\students\yuanhao.li\gold 17982806\gp2dframework2020-planeescape\framework\debug\enemy.obj
c:\users\11488\desktop\bcis2\game programming practice\comp710-2020-s2\students\yuanhao.li\gold 17982806\gp2dframework2020-planeescape\framework\debug\entity.obj
c:\users\11488\desktop\bcis2\game programming practice\comp710-2020-s2\students\yuanhao.li\gold 17982806\gp2dframework2020-planeescape\framework\debug\explosion.obj
c:\users\11488\desktop\bcis2\game programming practice\comp710-2020-s2\students\yuanhao.li\gold 17982806\gp2dframework2020-planeescape\framework\debug\game.obj
c:\users\11488\desktop\bcis2\game programming practice\comp710-2020-s2\students\yuanhao.li\gold 17982806\gp2dframework2020-planeescape\framework\debug\gamemenu.obj
c:\users\11488\desktop\bcis2\game programming practice\comp710-2020-s2\students\yuanhao.li\gold 17982806\gp2dframework2020-planeescape\framework\debug\hud.obj
c:\users\11488\desktop\bcis2\game programming practice\comp710-2020-s2\students\yuanhao.li\gold 17982806\gp2dframework2020-planeescape\framework\debug\inputhandler.obj
c:\users\11488\desktop\bcis2\game programming practice\comp710-2020-s2\students\yuanhao.li\gold 17982806\gp2dframework2020-planeescape\framework\debug\logmanager.obj
c:\users\11488\desktop\bcis2\game programming practice\comp710-2020-s2\students\yuanhao.li\gold 17982806\gp2dframework2020-planeescape\framework\debug\main.obj
c:\users\11488\desktop\bcis2\game programming practice\comp710-2020-s2\students\yuanhao.li\gold 17982806\gp2dframework2020-planeescape\framework\debug\particle.obj
c:\users\11488\desktop\bcis2\game programming practice\comp710-2020-s2\students\yuanhao.li\gold 17982806\gp2dframework2020-planeescape\framework\debug\particleemitter.obj
c:\users\11488\desktop\bcis2\game programming practice\comp710-2020-s2\students\yuanhao.li\gold 17982806\gp2dframework2020-planeescape\framework\debug\playerplane.obj
c:\users\11488\desktop\bcis2\game programming practice\comp710-2020-s2\students\yuanhao.li\gold 17982806\gp2dframework2020-planeescape\framework\debug\sprite.obj
c:\users\11488\desktop\bcis2\game programming practice\comp710-2020-s2\students\yuanhao.li\gold 17982806\gp2dframework2020-planeescape\framework\debug\texture.obj
c:\users\11488\desktop\bcis2\game programming practice\comp710-2020-s2\students\yuanhao.li\gold 17982806\gp2dframework2020-planeescape\framework\debug\texturemanager.obj
c:\users\11488\desktop\bcis2\game programming practice\comp710-2020-s2\students\yuanhao.li\gold 17982806\gp2dframework2020-planeescape\framework\debug\vc141.idb
c:\users\11488\desktop\bcis2\game programming practice\comp710-2020-s2\students\yuanhao.li\gold 17982806\gp2dframework2020-planeescape\framework\debug\vc141.pdb
c:\users\11488\desktop\bcis2\game programming practice\comp710-2020-s2\students\yuanhao.li\gold 17982806\gp2dframework2020-planeescape\debug\framework.pdb
c:\users\11488\desktop\bcis2\game programming practice\comp710-2020-s2\students\yuanhao.li\gold 17982806\gp2dframework2020-planeescape\debug\framework.exe
c:\users\11488\desktop\bcis2\game programming practice\comp710-2020-s2\students\yuanhao.li\gold 17982806\gp2dframework2020-planeescape\debug\framework.ilk
c:\users\11488\desktop\bcis2\game programming practice\comp710-2020-s2\students\yuanhao.li\gold 17982806\gp2dframework2020-planeescape\framework\debug\framework.tlog\cl.command.1.tlog
c:\users\11488\desktop\bcis2\game programming practice\comp710-2020-s2\students\yuanhao.li\gold 17982806\gp2dframework2020-planeescape\framework\debug\framework.tlog\cl.read.1.tlog
c:\users\11488\desktop\bcis2\game programming practice\comp710-2020-s2\students\yuanhao.li\gold 17982806\gp2dframework2020-planeescape\framework\debug\framework.tlog\cl.write.1.tlog
c:\users\11488\desktop\bcis2\game programming practice\comp710-2020-s2\students\yuanhao.li\gold 17982806\gp2dframework2020-planeescape\framework\debug\framework.tlog\link.command.1.tlog
c:\users\11488\desktop\bcis2\game programming practice\comp710-2020-s2\students\yuanhao.li\gold 17982806\gp2dframework2020-planeescape\framework\debug\framework.tlog\link.read.1.tlog
c:\users\11488\desktop\bcis2\game programming practice\comp710-2020-s2\students\yuanhao.li\gold 17982806\gp2dframework2020-planeescape\framework\debug\framework.tlog\link.write.1.tlog
